TN:
SF:src\exmoApi\connection.ts
FN:5,connect
FNF:1
FNH:1
FNDA:1,connect
DA:1,1
DA:2,1
DA:3,1
DA:4,1
DA:5,1
DA:6,1
DA:7,1
LF:7
LH:7
BRDA:5,0,0,1
BRF:1
BRH:1
end_of_record
TN:
SF:src\exmoApi\exmo_api.ts
FN:20,ExmoApi
FN:27,ExmoApi.sign
FN:31,ExmoApi.api_query
FN:49,ExmoApi.trades
FN:56,ExmoApi.orderBook
FN:68,ExmoApi.ticker
FN:81,ExmoApi.pairSettings
FN:94,ExmoApi.currency
FN:98,ExmoApi.currencyListExtended
FN:102,ExmoApi.requiredAmount
FN:110,ExmoApi.candlesHistory
FN:120,ExmoApi.paymentProviderCryptoList
FNF:12
FNH:5
FNDA:1,ExmoApi
FNDA:2,ExmoApi.sign
FNDA:2,ExmoApi.api_query
FNDA:0,ExmoApi.trades
FNDA:1,ExmoApi.orderBook
FNDA:0,ExmoApi.ticker
FNDA:0,ExmoApi.pairSettings
FNDA:1,ExmoApi.currency
FNDA:0,ExmoApi.currencyListExtended
FNDA:0,ExmoApi.requiredAmount
FNDA:0,ExmoApi.candlesHistory
FNDA:0,ExmoApi.paymentProviderCryptoList
DA:1,1
DA:2,1
DA:3,1
DA:4,1
DA:5,1
DA:6,1
DA:7,1
DA:8,1
DA:9,1
DA:10,1
DA:11,1
DA:12,1
DA:13,1
DA:14,1
DA:15,1
DA:16,1
DA:17,1
DA:18,1
DA:19,1
DA:20,1
DA:21,1
DA:22,1
DA:23,1
DA:24,1
DA:25,1
DA:26,1
DA:27,1
DA:28,2
DA:29,2
DA:30,1
DA:31,1
DA:32,2
DA:33,2
DA:34,2
DA:35,2
DA:36,2
DA:37,2
DA:38,2
DA:39,2
DA:40,2
DA:41,2
DA:42,2
DA:43,2
DA:44,2
DA:45,2
DA:46,2
DA:47,2
DA:48,1
DA:49,1
DA:50,0
DA:51,0
DA:52,0
DA:53,0
DA:54,0
DA:55,1
DA:56,1
DA:57,1
DA:58,1
DA:59,1
DA:60,0
DA:61,0
DA:62,1
DA:63,0
DA:64,0
DA:65,1
DA:66,1
DA:67,1
DA:68,1
DA:69,0
DA:70,0
DA:71,0
DA:72,0
DA:73,0
DA:74,0
DA:75,0
DA:76,0
DA:77,0
DA:78,0
DA:79,0
DA:80,1
DA:81,1
DA:82,0
DA:83,0
DA:84,0
DA:85,0
DA:86,0
DA:87,0
DA:88,0
DA:89,0
DA:90,0
DA:91,0
DA:92,0
DA:93,1
DA:94,1
DA:95,1
DA:96,1
DA:97,1
DA:98,1
DA:99,0
DA:100,0
DA:101,1
DA:102,1
DA:103,0
DA:104,0
DA:105,0
DA:106,0
DA:107,0
DA:108,0
DA:109,1
DA:110,1
DA:111,0
DA:112,0
DA:113,0
DA:114,0
DA:115,0
DA:116,0
DA:117,0
DA:118,0
DA:119,1
DA:120,1
DA:121,0
DA:122,0
DA:123,1
DA:124,1
LF:124
LH:75
BRDA:20,0,0,1
BRDA:27,1,0,2
BRDA:31,2,0,2
BRDA:56,3,0,1
BRDA:59,4,0,0
BRDA:62,5,0,0
BRDA:94,6,0,1
BRF:7
BRH:5
end_of_record
