TN:
SF:build\exmoApi\connection.js
FN:1,Object.<anonymous>
FN:5,connect
FNF:2
FNH:2
FNDA:1,Object.<anonymous>
FNDA:1,connect
DA:1,1
DA:2,1
DA:3,1
DA:4,1
DA:5,1
DA:6,1
DA:7,1
DA:8,1
LF:8
LH:8
BRDA:1,0,0,1
BRDA:1,1,0,1
BRDA:5,2,0,1
BRF:3
BRH:3
end_of_record
TN:
SF:build\exmoApi\exmo_api.js
FN:1,Object.<anonymous>
FN:6,get
FN:15,Object.<anonymous>.__setModuleDefault
FN:18,Object.<anonymous>.__importStar
FN:25,Object.<anonymous>.__importDefault
FN:34,ExmoApi
FN:36,ExmoApi.sign
FN:39,ExmoApi.api_query
FN:57,ExmoApi.trades
FN:64,ExmoApi.orderBook
FN:75,ExmoApi.ticker
FN:87,ExmoApi.pairSettings
FN:99,ExmoApi.currency
FN:102,ExmoApi.currencyListExtended
FN:105,ExmoApi.requiredAmount
FN:112,ExmoApi.candlesHistory
FN:121,ExmoApi.paymentProviderCryptoList
FNF:17
FNH:9
FNDA:1,Object.<anonymous>
FNDA:4,get
FNDA:0,Object.<anonymous>.__setModuleDefault
FNDA:1,Object.<anonymous>.__importStar
FNDA:2,Object.<anonymous>.__importDefault
FNDA:1,ExmoApi
FNDA:2,ExmoApi.sign
FNDA:2,ExmoApi.api_query
FNDA:0,ExmoApi.trades
FNDA:1,ExmoApi.orderBook
FNDA:0,ExmoApi.ticker
FNDA:0,ExmoApi.pairSettings
FNDA:1,ExmoApi.currency
FNDA:0,ExmoApi.currencyListExtended
FNDA:0,ExmoApi.requiredAmount
FNDA:0,ExmoApi.candlesHistory
FNDA:0,ExmoApi.paymentProviderCryptoList
DA:1,1
DA:2,1
DA:3,33
DA:4,33
DA:5,33
DA:6,33
DA:7,33
DA:8,33
DA:9,1
DA:10,0
DA:11,0
DA:12,1
DA:13,1
DA:14,1
DA:15,1
DA:16,0
DA:17,1
DA:18,1
DA:19,1
DA:20,1
DA:21,1
DA:22,1
DA:23,1
DA:24,1
DA:25,1
DA:26,2
DA:27,1
DA:28,1
DA:29,1
DA:30,1
DA:31,1
DA:32,1
DA:33,1
DA:34,1
DA:35,1
DA:36,1
DA:37,2
DA:38,1
DA:39,1
DA:40,2
DA:41,2
DA:42,2
DA:43,2
DA:44,2
DA:45,2
DA:46,2
DA:47,2
DA:48,2
DA:49,2
DA:50,2
DA:51,2
DA:52,2
DA:53,2
DA:54,2
DA:55,1
DA:56,1
DA:57,1
DA:58,0
DA:59,0
DA:60,0
DA:61,0
DA:62,1
DA:63,1
DA:64,1
DA:65,1
DA:66,1
DA:67,1
DA:68,0
DA:69,0
DA:70,1
DA:71,0
DA:72,0
DA:73,1
DA:74,1
DA:75,1
DA:76,0
DA:77,0
DA:78,0
DA:79,0
DA:80,0
DA:81,0
DA:82,0
DA:83,0
DA:84,0
DA:85,0
DA:86,1
DA:87,1
DA:88,0
DA:89,0
DA:90,0
DA:91,0
DA:92,0
DA:93,0
DA:94,0
DA:95,0
DA:96,0
DA:97,0
DA:98,1
DA:99,1
DA:100,1
DA:101,1
DA:102,1
DA:103,0
DA:104,1
DA:105,1
DA:106,0
DA:107,0
DA:108,0
DA:109,0
DA:110,0
DA:111,1
DA:112,1
DA:113,0
DA:114,0
DA:115,0
DA:116,0
DA:117,0
DA:118,0
DA:119,0
DA:120,1
DA:121,1
DA:122,0
DA:123,1
DA:124,1
DA:125,1
DA:126,1
DA:127,1
DA:128,1
DA:129,1
DA:130,1
DA:131,1
DA:132,1
LF:132
LH:87
BRDA:1,0,0,1
BRDA:1,1,0,1
BRDA:9,2,0,0
BRDA:15,3,0,0
BRDA:2,4,0,33
BRDA:5,5,0,0
BRDA:5,6,0,0
BRDA:6,7,0,4
BRDA:9,8,0,0
BRDA:13,9,0,1
BRDA:18,10,0,1
BRDA:19,11,0,0
BRDA:21,12,0,33
BRDA:25,13,0,2
BRDA:26,14,0,0
BRDA:34,15,0,1
BRDA:126,16,0,0
BRDA:127,17,0,0
BRDA:36,18,0,2
BRDA:39,19,0,2
BRDA:64,20,0,1
BRDA:67,21,0,0
BRDA:70,22,0,0
BRDA:99,23,0,1
BRF:24
BRH:13
end_of_record
TN:
SF:src\exmoApi\connection.ts
FN:5,connect
FNF:1
FNH:1
FNDA:1,connect
DA:1,1
DA:2,1
DA:3,1
DA:4,1
DA:5,1
DA:6,1
DA:7,1
LF:7
LH:7
BRDA:5,0,0,1
BRF:1
BRH:1
end_of_record
TN:
SF:src\exmoApi\exmo_api.ts
FN:21,ExmoApi
FN:30,ExmoApi.sign
FN:34,ExmoApi.api_query
FN:52,ExmoApi.trades
FN:59,ExmoApi.orderBook
FN:71,ExmoApi.ticker
FN:84,ExmoApi.pairSettings
FN:97,ExmoApi.currency
FN:101,ExmoApi.currencyListExtended
FN:105,ExmoApi.requiredAmount
FN:113,ExmoApi.candlesHistory
FN:123,ExmoApi.paymentProviderCryptoList
FNF:12
FNH:5
FNDA:1,ExmoApi
FNDA:2,ExmoApi.sign
FNDA:2,ExmoApi.api_query
FNDA:0,ExmoApi.trades
FNDA:1,ExmoApi.orderBook
FNDA:0,ExmoApi.ticker
FNDA:0,ExmoApi.pairSettings
FNDA:1,ExmoApi.currency
FNDA:0,ExmoApi.currencyListExtended
FNDA:0,ExmoApi.requiredAmount
FNDA:0,ExmoApi.candlesHistory
FNDA:0,ExmoApi.paymentProviderCryptoList
DA:1,1
DA:2,1
DA:3,1
DA:4,1
DA:5,1
DA:6,1
DA:7,1
DA:8,1
DA:9,1
DA:10,1
DA:11,1
DA:12,1
DA:13,1
DA:14,1
DA:15,1
DA:16,1
DA:17,1
DA:18,1
DA:19,1
DA:20,1
DA:21,1
DA:22,1
DA:23,1
DA:24,1
DA:25,1
DA:26,1
DA:27,1
DA:28,1
DA:29,1
DA:30,1
DA:31,2
DA:32,2
DA:33,1
DA:34,1
DA:35,2
DA:36,2
DA:37,2
DA:38,2
DA:39,2
DA:40,2
DA:41,2
DA:42,2
DA:43,2
DA:44,2
DA:45,2
DA:46,2
DA:47,2
DA:48,2
DA:49,2
DA:50,2
DA:51,1
DA:52,1
DA:53,0
DA:54,0
DA:55,0
DA:56,0
DA:57,0
DA:58,1
DA:59,1
DA:60,1
DA:61,1
DA:62,1
DA:63,0
DA:64,0
DA:65,1
DA:66,0
DA:67,0
DA:68,1
DA:69,1
DA:70,1
DA:71,1
DA:72,0
DA:73,0
DA:74,0
DA:75,0
DA:76,0
DA:77,0
DA:78,0
DA:79,0
DA:80,0
DA:81,0
DA:82,0
DA:83,1
DA:84,1
DA:85,0
DA:86,0
DA:87,0
DA:88,0
DA:89,0
DA:90,0
DA:91,0
DA:92,0
DA:93,0
DA:94,0
DA:95,0
DA:96,1
DA:97,1
DA:98,1
DA:99,1
DA:100,1
DA:101,1
DA:102,0
DA:103,0
DA:104,1
DA:105,1
DA:106,0
DA:107,0
DA:108,0
DA:109,0
DA:110,0
DA:111,0
DA:112,1
DA:113,1
DA:114,0
DA:115,0
DA:116,0
DA:117,0
DA:118,0
DA:119,0
DA:120,0
DA:121,0
DA:122,1
DA:123,1
DA:124,0
DA:125,0
DA:126,1
DA:127,1
LF:127
LH:78
BRDA:21,0,0,1
BRDA:24,1,0,0
BRDA:25,2,0,0
BRDA:30,3,0,2
BRDA:34,4,0,2
BRDA:59,5,0,1
BRDA:62,6,0,0
BRDA:65,7,0,0
BRDA:97,8,0,1
BRF:9
BRH:5
end_of_record
